<?xml version="1.0" encoding="UTF-8"?>
<testng-results ignored="0" total="1" passed="1" failed="0" skipped="0">
  <reporter-output>
  </reporter-output>
  <suite started-at="2019-10-31T14:58:36 IST" name="Default suite" finished-at="2019-10-31T14:58:45 IST" duration-ms="9075">
    <groups>
    </groups>
    <test started-at="2019-10-31T14:58:36 IST" name="Default test" finished-at="2019-10-31T14:58:45 IST" duration-ms="9075">
      <class name="com.inetbanking.testcases.TC_LoginTest_001">
        <test-method is-config="true" signature="setup()[pri:0, instance:com.inetbanking.testcases.TC_LoginTest_001@45dd4eda]" started-at="2019-10-31T14:58:36 IST" name="setup" finished-at="2019-10-31T14:58:39 IST" duration-ms="2278" status="PASS">
          <reporter-output>
          </reporter-output>
        </test-method> <!-- setup -->
        <test-method signature="loginTest()[pri:0, instance:com.inetbanking.testcases.TC_LoginTest_001@45dd4eda]" started-at="2019-10-31T14:58:39 IST" name="loginTest" finished-at="2019-10-31T14:58:45 IST" duration-ms="6545" status="PASS">
          <reporter-output>
          </reporter-output>
        </test-method> <!-- loginTest -->
        <test-method is-config="true" signature="tearDown()[pri:0, instance:com.inetbanking.testcases.TC_LoginTest_001@45dd4eda]" started-at="2019-10-31T14:58:45 IST" name="tearDown" finished-at="2019-10-31T14:58:45 IST" duration-ms="203" status="PASS">
          <reporter-output>
          </reporter-output>
        </test-method> <!-- tearDown -->
      </class> <!-- com.inetbanking.testcases.TC_LoginTest_001 -->
    </test> <!-- Default test -->
  </suite> <!-- Default suite -->
</testng-results>
